[2016-05-15 13:58:03] production.ERROR: exception 'ErrorException' with message 'file_put_contents(/Users/romerogomes/NetBeansProjects/sga/bootstrap/cache/services.php): failed to open stream: No such file or directory' in /Users/romerogomes/NetBeansProjects/sga/vendor/laravel/framework/src/Illuminate/Filesystem/Filesystem.php:109
Stack trace:
#0 [internal function]: Illuminate\Foundation\Bootstrap\HandleExceptions->handleError(2, 'file_put_conten...', '/Users/romerogo...', 109, Array)
#1 /Users/romerogomes/NetBeansProjects/sga/vendor/laravel/framework/src/Illuminate/Filesystem/Filesystem.php(109): file_put_contents('/Users/romerogo...', '<?php return ar...', 0)
#2 /Users/romerogomes/NetBeansProjects/sga/vendor/laravel/framework/src/Illuminate/Foundation/ProviderRepository.php(188): Illuminate\Filesystem\Filesystem->put('/Users/romerogo...', '<?php return ar...')
#3 /Users/romerogomes/NetBeansProjects/sga/vendor/laravel/framework/src/Illuminate/Foundation/ProviderRepository.php(135): Illuminate\Foundation\ProviderRepository->writeManifest(Array)
#4 /Users/romerogomes/NetBeansProjects/sga/vendor/laravel/framework/src/Illuminate/Foundation/ProviderRepository.php(60): Illuminate\Foundation\ProviderRepository->compileManifest(Array)
#5 /Users/romerogomes/NetBeansProjects/sga/vendor/laravel/framework/src/Illuminate/Foundation/Application.php(530): Illuminate\Foundation\ProviderRepository->load(Array)
#6 /Users/romerogomes/NetBeansProjects/sga/vendor/laravel/framework/src/Illuminate/Foundation/Bootstrap/RegisterProviders.php(17): Illuminate\Foundation\Application->registerConfiguredProviders()
#7 /Users/romerogomes/NetBeansProjects/sga/vendor/laravel/framework/src/Illuminate/Foundation/Application.php(203): Illuminate\Foundation\Bootstrap\RegisterProviders->bootstrap(Object(Illuminate\Foundation\Application))
#8 /Users/romerogomes/NetBeansProjects/sga/vendor/laravel/framework/src/Illuminate/Foundation/Console/Kernel.php(219): Illuminate\Foundation\Application->bootstrapWith(Array)
#9 /Users/romerogomes/NetBeansProjects/sga/vendor/laravel/framework/src/Illuminate/Foundation/Console/Kernel.php(105): Illuminate\Foundation\Console\Kernel->bootstrap()
#10 /Users/romerogomes/NetBeansProjects/sga/artisan(36): Illuminate\Foundation\Console\Kernel->handle(Object(Symfony\Component\Console\Input\ArgvInput), Object(Symfony\Component\Console\Output\ConsoleOutput))
#11 {main}  
[2016-05-15 13:58:37] production.ERROR: exception 'ErrorException' with message 'file_put_contents(/Users/romerogomes/NetBeansProjects/sga/bootstrap/cache/services.php): failed to open stream: No such file or directory' in /Users/romerogomes/NetBeansProjects/sga/vendor/laravel/framework/src/Illuminate/Filesystem/Filesystem.php:109
Stack trace:
#0 [internal function]: Illuminate\Foundation\Bootstrap\HandleExceptions->handleError(2, 'file_put_conten...', '/Users/romerogo...', 109, Array)
#1 /Users/romerogomes/NetBeansProjects/sga/vendor/laravel/framework/src/Illuminate/Filesystem/Filesystem.php(109): file_put_contents('/Users/romerogo...', '<?php return ar...', 0)
#2 /Users/romerogomes/NetBeansProjects/sga/vendor/laravel/framework/src/Illuminate/Foundation/ProviderRepository.php(188): Illuminate\Filesystem\Filesystem->put('/Users/romerogo...', '<?php return ar...')
#3 /Users/romerogomes/NetBeansProjects/sga/vendor/laravel/framework/src/Illuminate/Foundation/ProviderRepository.php(135): Illuminate\Foundation\ProviderRepository->writeManifest(Array)
#4 /Users/romerogomes/NetBeansProjects/sga/vendor/laravel/framework/src/Illuminate/Foundation/ProviderRepository.php(60): Illuminate\Foundation\ProviderRepository->compileManifest(Array)
#5 /Users/romerogomes/NetBeansProjects/sga/vendor/laravel/framework/src/Illuminate/Foundation/Application.php(530): Illuminate\Foundation\ProviderRepository->load(Array)
#6 /Users/romerogomes/NetBeansProjects/sga/vendor/laravel/framework/src/Illuminate/Foundation/Bootstrap/RegisterProviders.php(17): Illuminate\Foundation\Application->registerConfiguredProviders()
#7 /Users/romerogomes/NetBeansProjects/sga/vendor/laravel/framework/src/Illuminate/Foundation/Application.php(203): Illuminate\Foundation\Bootstrap\RegisterProviders->bootstrap(Object(Illuminate\Foundation\Application))
#8 /Users/romerogomes/NetBeansProjects/sga/vendor/laravel/framework/src/Illuminate/Foundation/Console/Kernel.php(219): Illuminate\Foundation\Application->bootstrapWith(Array)
#9 /Users/romerogomes/NetBeansProjects/sga/vendor/laravel/framework/src/Illuminate/Foundation/Console/Kernel.php(105): Illuminate\Foundation\Console\Kernel->bootstrap()
#10 /Users/romerogomes/NetBeansProjects/sga/artisan(36): Illuminate\Foundation\Console\Kernel->handle(Object(Symfony\Component\Console\Input\ArgvInput), Object(Symfony\Component\Console\Output\ConsoleOutput))
#11 {main}  
[2016-05-15 14:01:13] production.ERROR: exception 'ErrorException' with message 'file_put_contents(/Users/romerogomes/NetBeansProjects/sga/bootstrap/cache/services.php): failed to open stream: No such file or directory' in /Users/romerogomes/NetBeansProjects/sga/vendor/laravel/framework/src/Illuminate/Filesystem/Filesystem.php:109
Stack trace:
#0 [internal function]: Illuminate\Foundation\Bootstrap\HandleExceptions->handleError(2, 'file_put_conten...', '/Users/romerogo...', 109, Array)
#1 /Users/romerogomes/NetBeansProjects/sga/vendor/laravel/framework/src/Illuminate/Filesystem/Filesystem.php(109): file_put_contents('/Users/romerogo...', '<?php return ar...', 0)
#2 /Users/romerogomes/NetBeansProjects/sga/vendor/laravel/framework/src/Illuminate/Foundation/ProviderRepository.php(188): Illuminate\Filesystem\Filesystem->put('/Users/romerogo...', '<?php return ar...')
#3 /Users/romerogomes/NetBeansProjects/sga/vendor/laravel/framework/src/Illuminate/Foundation/ProviderRepository.php(135): Illuminate\Foundation\ProviderRepository->writeManifest(Array)
#4 /Users/romerogomes/NetBeansProjects/sga/vendor/laravel/framework/src/Illuminate/Foundation/ProviderRepository.php(60): Illuminate\Foundation\ProviderRepository->compileManifest(Array)
#5 /Users/romerogomes/NetBeansProjects/sga/vendor/laravel/framework/src/Illuminate/Foundation/Application.php(530): Illuminate\Foundation\ProviderRepository->load(Array)
#6 /Users/romerogomes/NetBeansProjects/sga/vendor/laravel/framework/src/Illuminate/Foundation/Bootstrap/RegisterProviders.php(17): Illuminate\Foundation\Application->registerConfiguredProviders()
#7 /Users/romerogomes/NetBeansProjects/sga/vendor/laravel/framework/src/Illuminate/Foundation/Application.php(203): Illuminate\Foundation\Bootstrap\RegisterProviders->bootstrap(Object(Illuminate\Foundation\Application))
#8 /Users/romerogomes/NetBeansProjects/sga/vendor/laravel/framework/src/Illuminate/Foundation/Console/Kernel.php(219): Illuminate\Foundation\Application->bootstrapWith(Array)
#9 /Users/romerogomes/NetBeansProjects/sga/vendor/laravel/framework/src/Illuminate/Foundation/Console/Kernel.php(105): Illuminate\Foundation\Console\Kernel->bootstrap()
#10 /Users/romerogomes/NetBeansProjects/sga/artisan(36): Illuminate\Foundation\Console\Kernel->handle(Object(Symfony\Component\Console\Input\ArgvInput), Object(Symfony\Component\Console\Output\ConsoleOutput))
#11 {main}  
[2016-05-15 14:02:05] production.ERROR: exception 'ErrorException' with message 'file_put_contents(/Users/romerogomes/NetBeansProjects/sga/bootstrap/cache/services.php): failed to open stream: No such file or directory' in /Users/romerogomes/NetBeansProjects/sga/vendor/laravel/framework/src/Illuminate/Filesystem/Filesystem.php:109
Stack trace:
#0 [internal function]: Illuminate\Foundation\Bootstrap\HandleExceptions->handleError(2, 'file_put_conten...', '/Users/romerogo...', 109, Array)
#1 /Users/romerogomes/NetBeansProjects/sga/vendor/laravel/framework/src/Illuminate/Filesystem/Filesystem.php(109): file_put_contents('/Users/romerogo...', '<?php return ar...', 0)
#2 /Users/romerogomes/NetBeansProjects/sga/vendor/laravel/framework/src/Illuminate/Foundation/ProviderRepository.php(188): Illuminate\Filesystem\Filesystem->put('/Users/romerogo...', '<?php return ar...')
#3 /Users/romerogomes/NetBeansProjects/sga/vendor/laravel/framework/src/Illuminate/Foundation/ProviderRepository.php(135): Illuminate\Foundation\ProviderRepository->writeManifest(Array)
#4 /Users/romerogomes/NetBeansProjects/sga/vendor/laravel/framework/src/Illuminate/Foundation/ProviderRepository.php(60): Illuminate\Foundation\ProviderRepository->compileManifest(Array)
#5 /Users/romerogomes/NetBeansProjects/sga/vendor/laravel/framework/src/Illuminate/Foundation/Application.php(530): Illuminate\Foundation\ProviderRepository->load(Array)
#6 /Users/romerogomes/NetBeansProjects/sga/vendor/laravel/framework/src/Illuminate/Foundation/Bootstrap/RegisterProviders.php(17): Illuminate\Foundation\Application->registerConfiguredProviders()
#7 /Users/romerogomes/NetBeansProjects/sga/vendor/laravel/framework/src/Illuminate/Foundation/Application.php(203): Illuminate\Foundation\Bootstrap\RegisterProviders->bootstrap(Object(Illuminate\Foundation\Application))
#8 /Users/romerogomes/NetBeansProjects/sga/vendor/laravel/framework/src/Illuminate/Foundation/Console/Kernel.php(219): Illuminate\Foundation\Application->bootstrapWith(Array)
#9 /Users/romerogomes/NetBeansProjects/sga/vendor/laravel/framework/src/Illuminate/Foundation/Console/Kernel.php(105): Illuminate\Foundation\Console\Kernel->bootstrap()
#10 /Users/romerogomes/NetBeansProjects/sga/artisan(36): Illuminate\Foundation\Console\Kernel->handle(Object(Symfony\Component\Console\Input\ArgvInput), Object(Symfony\Component\Console\Output\ConsoleOutput))
#11 {main}  
[2016-05-15 14:04:21] production.ERROR: exception 'ErrorException' with message 'file_put_contents(/Users/romerogomes/NetBeansProjects/sga/bootstrap/cache/services.php): failed to open stream: No such file or directory' in /Users/romerogomes/NetBeansProjects/sga/vendor/laravel/framework/src/Illuminate/Filesystem/Filesystem.php:109
Stack trace:
#0 [internal function]: Illuminate\Foundation\Bootstrap\HandleExceptions->handleError(2, 'file_put_conten...', '/Users/romerogo...', 109, Array)
#1 /Users/romerogomes/NetBeansProjects/sga/vendor/laravel/framework/src/Illuminate/Filesystem/Filesystem.php(109): file_put_contents('/Users/romerogo...', '<?php return ar...', 0)
#2 /Users/romerogomes/NetBeansProjects/sga/vendor/laravel/framework/src/Illuminate/Foundation/ProviderRepository.php(188): Illuminate\Filesystem\Filesystem->put('/Users/romerogo...', '<?php return ar...')
#3 /Users/romerogomes/NetBeansProjects/sga/vendor/laravel/framework/src/Illuminate/Foundation/ProviderRepository.php(135): Illuminate\Foundation\ProviderRepository->writeManifest(Array)
#4 /Users/romerogomes/NetBeansProjects/sga/vendor/laravel/framework/src/Illuminate/Foundation/ProviderRepository.php(60): Illuminate\Foundation\ProviderRepository->compileManifest(Array)
#5 /Users/romerogomes/NetBeansProjects/sga/vendor/laravel/framework/src/Illuminate/Foundation/Application.php(530): Illuminate\Foundation\ProviderRepository->load(Array)
#6 /Users/romerogomes/NetBeansProjects/sga/vendor/laravel/framework/src/Illuminate/Foundation/Bootstrap/RegisterProviders.php(17): Illuminate\Foundation\Application->registerConfiguredProviders()
#7 /Users/romerogomes/NetBeansProjects/sga/vendor/laravel/framework/src/Illuminate/Foundation/Application.php(203): Illuminate\Foundation\Bootstrap\RegisterProviders->bootstrap(Object(Illuminate\Foundation\Application))
#8 /Users/romerogomes/NetBeansProjects/sga/vendor/laravel/framework/src/Illuminate/Foundation/Console/Kernel.php(219): Illuminate\Foundation\Application->bootstrapWith(Array)
#9 /Users/romerogomes/NetBeansProjects/sga/vendor/laravel/framework/src/Illuminate/Foundation/Console/Kernel.php(105): Illuminate\Foundation\Console\Kernel->bootstrap()
#10 /Users/romerogomes/NetBeansProjects/sga/artisan(36): Illuminate\Foundation\Console\Kernel->handle(Object(Symfony\Component\Console\Input\ArgvInput), Object(Symfony\Component\Console\Output\ConsoleOutput))
#11 {main}  
[2016-05-15 14:09:18] production.ERROR: exception 'ErrorException' with message 'file_put_contents(/Users/romerogomes/NetBeansProjects/sga/bootstrap/cache/services.php): failed to open stream: No such file or directory' in /Users/romerogomes/NetBeansProjects/sga/vendor/laravel/framework/src/Illuminate/Filesystem/Filesystem.php:109
Stack trace:
#0 [internal function]: Illuminate\Foundation\Bootstrap\HandleExceptions->handleError(2, 'file_put_conten...', '/Users/romerogo...', 109, Array)
#1 /Users/romerogomes/NetBeansProjects/sga/vendor/laravel/framework/src/Illuminate/Filesystem/Filesystem.php(109): file_put_contents('/Users/romerogo...', '<?php return ar...', 0)
#2 /Users/romerogomes/NetBeansProjects/sga/vendor/laravel/framework/src/Illuminate/Foundation/ProviderRepository.php(188): Illuminate\Filesystem\Filesystem->put('/Users/romerogo...', '<?php return ar...')
#3 /Users/romerogomes/NetBeansProjects/sga/vendor/laravel/framework/src/Illuminate/Foundation/ProviderRepository.php(135): Illuminate\Foundation\ProviderRepository->writeManifest(Array)
#4 /Users/romerogomes/NetBeansProjects/sga/vendor/laravel/framework/src/Illuminate/Foundation/ProviderRepository.php(60): Illuminate\Foundation\ProviderRepository->compileManifest(Array)
#5 /Users/romerogomes/NetBeansProjects/sga/vendor/laravel/framework/src/Illuminate/Foundation/Application.php(530): Illuminate\Foundation\ProviderRepository->load(Array)
#6 /Users/romerogomes/NetBeansProjects/sga/vendor/laravel/framework/src/Illuminate/Foundation/Bootstrap/RegisterProviders.php(17): Illuminate\Foundation\Application->registerConfiguredProviders()
#7 /Users/romerogomes/NetBeansProjects/sga/vendor/laravel/framework/src/Illuminate/Foundation/Application.php(203): Illuminate\Foundation\Bootstrap\RegisterProviders->bootstrap(Object(Illuminate\Foundation\Application))
#8 /Users/romerogomes/NetBeansProjects/sga/vendor/laravel/framework/src/Illuminate/Foundation/Console/Kernel.php(219): Illuminate\Foundation\Application->bootstrapWith(Array)
#9 /Users/romerogomes/NetBeansProjects/sga/vendor/laravel/framework/src/Illuminate/Foundation/Console/Kernel.php(105): Illuminate\Foundation\Console\Kernel->bootstrap()
#10 /Users/romerogomes/NetBeansProjects/sga/artisan(36): Illuminate\Foundation\Console\Kernel->handle(Object(Symfony\Component\Console\Input\ArgvInput), Object(Symfony\Component\Console\Output\ConsoleOutput))
#11 {main}  
[2016-05-15 14:14:21] production.ERROR: exception 'ErrorException' with message 'file_put_contents(/Users/romerogomes/NetBeansProjects/sga/bootstrap/cache/services.php): failed to open stream: No such file or directory' in /Users/romerogomes/NetBeansProjects/sga/vendor/laravel/framework/src/Illuminate/Filesystem/Filesystem.php:109
Stack trace:
#0 [internal function]: Illuminate\Foundation\Bootstrap\HandleExceptions->handleError(2, 'file_put_conten...', '/Users/romerogo...', 109, Array)
#1 /Users/romerogomes/NetBeansProjects/sga/vendor/laravel/framework/src/Illuminate/Filesystem/Filesystem.php(109): file_put_contents('/Users/romerogo...', '<?php return ar...', 0)
#2 /Users/romerogomes/NetBeansProjects/sga/vendor/laravel/framework/src/Illuminate/Foundation/ProviderRepository.php(188): Illuminate\Filesystem\Filesystem->put('/Users/romerogo...', '<?php return ar...')
#3 /Users/romerogomes/NetBeansProjects/sga/vendor/laravel/framework/src/Illuminate/Foundation/ProviderRepository.php(135): Illuminate\Foundation\ProviderRepository->writeManifest(Array)
#4 /Users/romerogomes/NetBeansProjects/sga/vendor/laravel/framework/src/Illuminate/Foundation/ProviderRepository.php(60): Illuminate\Foundation\ProviderRepository->compileManifest(Array)
#5 /Users/romerogomes/NetBeansProjects/sga/vendor/laravel/framework/src/Illuminate/Foundation/Application.php(530): Illuminate\Foundation\ProviderRepository->load(Array)
#6 /Users/romerogomes/NetBeansProjects/sga/vendor/laravel/framework/src/Illuminate/Foundation/Bootstrap/RegisterProviders.php(17): Illuminate\Foundation\Application->registerConfiguredProviders()
#7 /Users/romerogomes/NetBeansProjects/sga/vendor/laravel/framework/src/Illuminate/Foundation/Application.php(203): Illuminate\Foundation\Bootstrap\RegisterProviders->bootstrap(Object(Illuminate\Foundation\Application))
#8 /Users/romerogomes/NetBeansProjects/sga/vendor/laravel/framework/src/Illuminate/Foundation/Console/Kernel.php(219): Illuminate\Foundation\Application->bootstrapWith(Array)
#9 /Users/romerogomes/NetBeansProjects/sga/vendor/laravel/framework/src/Illuminate/Foundation/Console/Kernel.php(105): Illuminate\Foundation\Console\Kernel->bootstrap()
#10 /Users/romerogomes/NetBeansProjects/sga/artisan(36): Illuminate\Foundation\Console\Kernel->handle(Object(Symfony\Component\Console\Input\ArgvInput), Object(Symfony\Component\Console\Output\ConsoleOutput))
#11 {main}  
[2016-05-15 14:15:24] production.ERROR: exception 'RuntimeException' with message 'No supported encrypter found. The cipher and / or key length are invalid.' in /Users/romerogomes/NetBeansProjects/sga/bootstrap/cache/compiled.php:7706
Stack trace:
#0 /Users/romerogomes/NetBeansProjects/sga/bootstrap/cache/compiled.php(7696): Illuminate\Encryption\EncryptionServiceProvider->getEncrypterForKeyAndCipher(NULL, 'AES-256-CBC')
#1 /Users/romerogomes/NetBeansProjects/sga/bootstrap/cache/compiled.php(1339): Illuminate\Encryption\EncryptionServiceProvider->Illuminate\Encryption\{closure}(Object(Illuminate\Foundation\Application), Array)
#2 /Users/romerogomes/NetBeansProjects/sga/bootstrap/cache/compiled.php(1295): Illuminate\Container\Container->build(Object(Closure), Array)
#3 /Users/romerogomes/NetBeansProjects/sga/bootstrap/cache/compiled.php(1857): Illuminate\Container\Container->make('encrypter', Array)
#4 /Users/romerogomes/NetBeansProjects/sga/bootstrap/cache/compiled.php(1396): Illuminate\Foundation\Application->make('Illuminate\\Cont...')
#5 /Users/romerogomes/NetBeansProjects/sga/bootstrap/cache/compiled.php(1373): Illuminate\Container\Container->resolveClass(Object(ReflectionParameter))
#6 /Users/romerogomes/NetBeansProjects/sga/bootstrap/cache/compiled.php(1359): Illuminate\Container\Container->getDependencies(Array, Array)
#7 /Users/romerogomes/NetBeansProjects/sga/bootstrap/cache/compiled.php(1295): Illuminate\Container\Container->build('App\\Http\\Middle...', Array)
#8 /Users/romerogomes/NetBeansProjects/sga/bootstrap/cache/compiled.php(1857): Illuminate\Container\Container->make('App\\Http\\Middle...', Array)
#9 /Users/romerogomes/NetBeansProjects/sga/bootstrap/cache/compiled.php(9890): Illuminate\Foundation\Application->make('App\\Http\\Middle...')
#10 [internal function]: Illuminate\Pipeline\Pipeline->Illuminate\Pipeline\{closure}(Object(Illuminate\Http\Request))
#11 /Users/romerogomes/NetBeansProjects/sga/vendor/laravel/framework/src/Illuminate/Routing/Pipeline.php(32): call_user_func(Object(Closure), Object(Illuminate\Http\Request))
#12 [internal function]: Illuminate\Routing\Pipeline->Illuminate\Routing\{closure}(Object(Illuminate\Http\Request))
#13 /Users/romerogomes/NetBeansProjects/sga/bootstrap/cache/compiled.php(9880): call_user_func(Object(Closure), Object(Illuminate\Http\Request))
#14 /Users/romerogomes/NetBeansProjects/sga/bootstrap/cache/compiled.php(8161): Illuminate\Pipeline\Pipeline->then(Object(Closure))
#15 /Users/romerogomes/NetBeansProjects/sga/bootstrap/cache/compiled.php(8152): Illuminate\Routing\Router->runRouteWithinStack(Object(Illuminate\Routing\Route), Object(Illuminate\Http\Request))
#16 /Users/romerogomes/NetBeansProjects/sga/bootstrap/cache/compiled.php(8142): Illuminate\Routing\Router->dispatchToRoute(Object(Illuminate\Http\Request))
#17 /Users/romerogomes/NetBeansProjects/sga/bootstrap/cache/compiled.php(2400): Illuminate\Routing\Router->dispatch(Object(Illuminate\Http\Request))
#18 [internal function]: Illuminate\Foundation\Http\Kernel->Illuminate\Foundation\Http\{closure}(Object(Illuminate\Http\Request))
#19 /Users/romerogomes/NetBeansProjects/sga/vendor/laravel/framework/src/Illuminate/Routing/Pipeline.php(52): call_user_func(Object(Closure), Object(Illuminate\Http\Request))
#20 /Users/romerogomes/NetBeansProjects/sga/bootstrap/cache/compiled.php(3250): Illuminate\Routing\Pipeline->Illuminate\Routing\{closure}(Object(Illuminate\Http\Request))
#21 [internal function]: Illuminate\Foundation\Http\Middleware\CheckForMaintenanceMode->handle(Object(Illuminate\Http\Request), Object(Closure))
#22 /Users/romerogomes/NetBeansProjects/sga/bootstrap/cache/compiled.php(9895): call_user_func_array(Array, Array)
#23 [internal function]: Illuminate\Pipeline\Pipeline->Illuminate\Pipeline\{closure}(Object(Illuminate\Http\Request))
#24 /Users/romerogomes/NetBeansProjects/sga/vendor/laravel/framework/src/Illuminate/Routing/Pipeline.php(32): call_user_func(Object(Closure), Object(Illuminate\Http\Request))
#25 [internal function]: Illuminate\Routing\Pipeline->Illuminate\Routing\{closure}(Object(Illuminate\Http\Request))
#26 /Users/romerogomes/NetBeansProjects/sga/bootstrap/cache/compiled.php(9880): call_user_func(Object(Closure), Object(Illuminate\Http\Request))
#27 /Users/romerogomes/NetBeansProjects/sga/bootstrap/cache/compiled.php(2347): Illuminate\Pipeline\Pipeline->then(Object(Closure))
#28 /Users/romerogomes/NetBeansProjects/sga/bootstrap/cache/compiled.php(2331): Illuminate\Foundation\Http\Kernel->sendRequestThroughRouter(Object(Illuminate\Http\Request))
#29 /Users/romerogomes/NetBeansProjects/sga/public/index.php(54): Illuminate\Foundation\Http\Kernel->handle(Object(Illuminate\Http\Request))
#30 /Users/romerogomes/NetBeansProjects/sga/server.php(21): require_once('/Users/romerogo...')
#31 {main}  
[2016-05-15 14:15:24] production.ERROR: exception 'RuntimeException' with message 'No supported encrypter found. The cipher and / or key length are invalid.' in /Users/romerogomes/NetBeansProjects/sga/bootstrap/cache/compiled.php:7706
Stack trace:
#0 /Users/romerogomes/NetBeansProjects/sga/bootstrap/cache/compiled.php(7696): Illuminate\Encryption\EncryptionServiceProvider->getEncrypterForKeyAndCipher(NULL, 'AES-256-CBC')
#1 /Users/romerogomes/NetBeansProjects/sga/bootstrap/cache/compiled.php(1339): Illuminate\Encryption\EncryptionServiceProvider->Illuminate\Encryption\{closure}(Object(Illuminate\Foundation\Application), Array)
#2 /Users/romerogomes/NetBeansProjects/sga/bootstrap/cache/compiled.php(1295): Illuminate\Container\Container->build(Object(Closure), Array)
#3 /Users/romerogomes/NetBeansProjects/sga/bootstrap/cache/compiled.php(1857): Illuminate\Container\Container->make('encrypter', Array)
#4 /Users/romerogomes/NetBeansProjects/sga/bootstrap/cache/compiled.php(1396): Illuminate\Foundation\Application->make('Illuminate\\Cont...')
#5 /Users/romerogomes/NetBeansProjects/sga/bootstrap/cache/compiled.php(1373): Illuminate\Container\Container->resolveClass(Object(ReflectionParameter))
#6 /Users/romerogomes/NetBeansProjects/sga/bootstrap/cache/compiled.php(1359): Illuminate\Container\Container->getDependencies(Array, Array)
#7 /Users/romerogomes/NetBeansProjects/sga/bootstrap/cache/compiled.php(1295): Illuminate\Container\Container->build('App\\Http\\Middle...', Array)
#8 /Users/romerogomes/NetBeansProjects/sga/bootstrap/cache/compiled.php(1857): Illuminate\Container\Container->make('App\\Http\\Middle...', Array)
#9 /Users/romerogomes/NetBeansProjects/sga/bootstrap/cache/compiled.php(2354): Illuminate\Foundation\Application->make('App\\Http\\Middle...')
#10 /Users/romerogomes/NetBeansProjects/sga/public/index.php(58): Illuminate\Foundation\Http\Kernel->terminate(Object(Illuminate\Http\Request), Object(Illuminate\Http\Response))
#11 /Users/romerogomes/NetBeansProjects/sga/server.php(21): require_once('/Users/romerogo...')
#12 {main}  
[2016-05-15 14:15:48] production.ERROR: exception 'RuntimeException' with message 'No supported encrypter found. The cipher and / or key length are invalid.' in /Users/romerogomes/NetBeansProjects/sga/bootstrap/cache/compiled.php:7706
Stack trace:
#0 /Users/romerogomes/NetBeansProjects/sga/bootstrap/cache/compiled.php(7696): Illuminate\Encryption\EncryptionServiceProvider->getEncrypterForKeyAndCipher(NULL, 'AES-256-CBC')
#1 /Users/romerogomes/NetBeansProjects/sga/bootstrap/cache/compiled.php(1339): Illuminate\Encryption\EncryptionServiceProvider->Illuminate\Encryption\{closure}(Object(Illuminate\Foundation\Application), Array)
#2 /Users/romerogomes/NetBeansProjects/sga/bootstrap/cache/compiled.php(1295): Illuminate\Container\Container->build(Object(Closure), Array)
#3 /Users/romerogomes/NetBeansProjects/sga/bootstrap/cache/compiled.php(1857): Illuminate\Container\Container->make('encrypter', Array)
#4 /Users/romerogomes/NetBeansProjects/sga/bootstrap/cache/compiled.php(1396): Illuminate\Foundation\Application->make('Illuminate\\Cont...')
#5 /Users/romerogomes/NetBeansProjects/sga/bootstrap/cache/compiled.php(1373): Illuminate\Container\Container->resolveClass(Object(ReflectionParameter))
#6 /Users/romerogomes/NetBeansProjects/sga/bootstrap/cache/compiled.php(1359): Illuminate\Container\Container->getDependencies(Array, Array)
#7 /Users/romerogomes/NetBeansProjects/sga/bootstrap/cache/compiled.php(1295): Illuminate\Container\Container->build('App\\Http\\Middle...', Array)
#8 /Users/romerogomes/NetBeansProjects/sga/bootstrap/cache/compiled.php(1857): Illuminate\Container\Container->make('App\\Http\\Middle...', Array)
#9 /Users/romerogomes/NetBeansProjects/sga/bootstrap/cache/compiled.php(9890): Illuminate\Foundation\Application->make('App\\Http\\Middle...')
#10 [internal function]: Illuminate\Pipeline\Pipeline->Illuminate\Pipeline\{closure}(Object(Illuminate\Http\Request))
#11 /Users/romerogomes/NetBeansProjects/sga/vendor/laravel/framework/src/Illuminate/Routing/Pipeline.php(32): call_user_func(Object(Closure), Object(Illuminate\Http\Request))
#12 [internal function]: Illuminate\Routing\Pipeline->Illuminate\Routing\{closure}(Object(Illuminate\Http\Request))
#13 /Users/romerogomes/NetBeansProjects/sga/bootstrap/cache/compiled.php(9880): call_user_func(Object(Closure), Object(Illuminate\Http\Request))
#14 /Users/romerogomes/NetBeansProjects/sga/bootstrap/cache/compiled.php(8161): Illuminate\Pipeline\Pipeline->then(Object(Closure))
#15 /Users/romerogomes/NetBeansProjects/sga/bootstrap/cache/compiled.php(8152): Illuminate\Routing\Router->runRouteWithinStack(Object(Illuminate\Routing\Route), Object(Illuminate\Http\Request))
#16 /Users/romerogomes/NetBeansProjects/sga/bootstrap/cache/compiled.php(8142): Illuminate\Routing\Router->dispatchToRoute(Object(Illuminate\Http\Request))
#17 /Users/romerogomes/NetBeansProjects/sga/bootstrap/cache/compiled.php(2400): Illuminate\Routing\Router->dispatch(Object(Illuminate\Http\Request))
#18 [internal function]: Illuminate\Foundation\Http\Kernel->Illuminate\Foundation\Http\{closure}(Object(Illuminate\Http\Request))
#19 /Users/romerogomes/NetBeansProjects/sga/vendor/laravel/framework/src/Illuminate/Routing/Pipeline.php(52): call_user_func(Object(Closure), Object(Illuminate\Http\Request))
#20 /Users/romerogomes/NetBeansProjects/sga/bootstrap/cache/compiled.php(3250): Illuminate\Routing\Pipeline->Illuminate\Routing\{closure}(Object(Illuminate\Http\Request))
#21 [internal function]: Illuminate\Foundation\Http\Middleware\CheckForMaintenanceMode->handle(Object(Illuminate\Http\Request), Object(Closure))
#22 /Users/romerogomes/NetBeansProjects/sga/bootstrap/cache/compiled.php(9895): call_user_func_array(Array, Array)
#23 [internal function]: Illuminate\Pipeline\Pipeline->Illuminate\Pipeline\{closure}(Object(Illuminate\Http\Request))
#24 /Users/romerogomes/NetBeansProjects/sga/vendor/laravel/framework/src/Illuminate/Routing/Pipeline.php(32): call_user_func(Object(Closure), Object(Illuminate\Http\Request))
#25 [internal function]: Illuminate\Routing\Pipeline->Illuminate\Routing\{closure}(Object(Illuminate\Http\Request))
#26 /Users/romerogomes/NetBeansProjects/sga/bootstrap/cache/compiled.php(9880): call_user_func(Object(Closure), Object(Illuminate\Http\Request))
#27 /Users/romerogomes/NetBeansProjects/sga/bootstrap/cache/compiled.php(2347): Illuminate\Pipeline\Pipeline->then(Object(Closure))
#28 /Users/romerogomes/NetBeansProjects/sga/bootstrap/cache/compiled.php(2331): Illuminate\Foundation\Http\Kernel->sendRequestThroughRouter(Object(Illuminate\Http\Request))
#29 /Users/romerogomes/NetBeansProjects/sga/public/index.php(54): Illuminate\Foundation\Http\Kernel->handle(Object(Illuminate\Http\Request))
#30 /Users/romerogomes/NetBeansProjects/sga/server.php(21): require_once('/Users/romerogo...')
#31 {main}  
[2016-05-15 14:15:48] production.ERROR: exception 'RuntimeException' with message 'No supported encrypter found. The cipher and / or key length are invalid.' in /Users/romerogomes/NetBeansProjects/sga/bootstrap/cache/compiled.php:7706
Stack trace:
#0 /Users/romerogomes/NetBeansProjects/sga/bootstrap/cache/compiled.php(7696): Illuminate\Encryption\EncryptionServiceProvider->getEncrypterForKeyAndCipher(NULL, 'AES-256-CBC')
#1 /Users/romerogomes/NetBeansProjects/sga/bootstrap/cache/compiled.php(1339): Illuminate\Encryption\EncryptionServiceProvider->Illuminate\Encryption\{closure}(Object(Illuminate\Foundation\Application), Array)
#2 /Users/romerogomes/NetBeansProjects/sga/bootstrap/cache/compiled.php(1295): Illuminate\Container\Container->build(Object(Closure), Array)
#3 /Users/romerogomes/NetBeansProjects/sga/bootstrap/cache/compiled.php(1857): Illuminate\Container\Container->make('encrypter', Array)
#4 /Users/romerogomes/NetBeansProjects/sga/bootstrap/cache/compiled.php(1396): Illuminate\Foundation\Application->make('Illuminate\\Cont...')
#5 /Users/romerogomes/NetBeansProjects/sga/bootstrap/cache/compiled.php(1373): Illuminate\Container\Container->resolveClass(Object(ReflectionParameter))
#6 /Users/romerogomes/NetBeansProjects/sga/bootstrap/cache/compiled.php(1359): Illuminate\Container\Container->getDependencies(Array, Array)
#7 /Users/romerogomes/NetBeansProjects/sga/bootstrap/cache/compiled.php(1295): Illuminate\Container\Container->build('App\\Http\\Middle...', Array)
#8 /Users/romerogomes/NetBeansProjects/sga/bootstrap/cache/compiled.php(1857): Illuminate\Container\Container->make('App\\Http\\Middle...', Array)
#9 /Users/romerogomes/NetBeansProjects/sga/bootstrap/cache/compiled.php(2354): Illuminate\Foundation\Application->make('App\\Http\\Middle...')
#10 /Users/romerogomes/NetBeansProjects/sga/public/index.php(58): Illuminate\Foundation\Http\Kernel->terminate(Object(Illuminate\Http\Request), Object(Illuminate\Http\Response))
#11 /Users/romerogomes/NetBeansProjects/sga/server.php(21): require_once('/Users/romerogo...')
#12 {main}  
[2016-05-15 14:15:49] production.ERROR: exception 'RuntimeException' with message 'No supported encrypter found. The cipher and / or key length are invalid.' in /Users/romerogomes/NetBeansProjects/sga/bootstrap/cache/compiled.php:7706
Stack trace:
#0 /Users/romerogomes/NetBeansProjects/sga/bootstrap/cache/compiled.php(7696): Illuminate\Encryption\EncryptionServiceProvider->getEncrypterForKeyAndCipher(NULL, 'AES-256-CBC')
#1 /Users/romerogomes/NetBeansProjects/sga/bootstrap/cache/compiled.php(1339): Illuminate\Encryption\EncryptionServiceProvider->Illuminate\Encryption\{closure}(Object(Illuminate\Foundation\Application), Array)
#2 /Users/romerogomes/NetBeansProjects/sga/bootstrap/cache/compiled.php(1295): Illuminate\Container\Container->build(Object(Closure), Array)
#3 /Users/romerogomes/NetBeansProjects/sga/bootstrap/cache/compiled.php(1857): Illuminate\Container\Container->make('encrypter', Array)
#4 /Users/romerogomes/NetBeansProjects/sga/bootstrap/cache/compiled.php(1396): Illuminate\Foundation\Application->make('Illuminate\\Cont...')
#5 /Users/romerogomes/NetBeansProjects/sga/bootstrap/cache/compiled.php(1373): Illuminate\Container\Container->resolveClass(Object(ReflectionParameter))
#6 /Users/romerogomes/NetBeansProjects/sga/bootstrap/cache/compiled.php(1359): Illuminate\Container\Container->getDependencies(Array, Array)
#7 /Users/romerogomes/NetBeansProjects/sga/bootstrap/cache/compiled.php(1295): Illuminate\Container\Container->build('App\\Http\\Middle...', Array)
#8 /Users/romerogomes/NetBeansProjects/sga/bootstrap/cache/compiled.php(1857): Illuminate\Container\Container->make('App\\Http\\Middle...', Array)
#9 /Users/romerogomes/NetBeansProjects/sga/bootstrap/cache/compiled.php(9890): Illuminate\Foundation\Application->make('App\\Http\\Middle...')
#10 [internal function]: Illuminate\Pipeline\Pipeline->Illuminate\Pipeline\{closure}(Object(Illuminate\Http\Request))
#11 /Users/romerogomes/NetBeansProjects/sga/vendor/laravel/framework/src/Illuminate/Routing/Pipeline.php(32): call_user_func(Object(Closure), Object(Illuminate\Http\Request))
#12 [internal function]: Illuminate\Routing\Pipeline->Illuminate\Routing\{closure}(Object(Illuminate\Http\Request))
#13 /Users/romerogomes/NetBeansProjects/sga/bootstrap/cache/compiled.php(9880): call_user_func(Object(Closure), Object(Illuminate\Http\Request))
#14 /Users/romerogomes/NetBeansProjects/sga/bootstrap/cache/compiled.php(8161): Illuminate\Pipeline\Pipeline->then(Object(Closure))
#15 /Users/romerogomes/NetBeansProjects/sga/bootstrap/cache/compiled.php(8152): Illuminate\Routing\Router->runRouteWithinStack(Object(Illuminate\Routing\Route), Object(Illuminate\Http\Request))
#16 /Users/romerogomes/NetBeansProjects/sga/bootstrap/cache/compiled.php(8142): Illuminate\Routing\Router->dispatchToRoute(Object(Illuminate\Http\Request))
#17 /Users/romerogomes/NetBeansProjects/sga/bootstrap/cache/compiled.php(2400): Illuminate\Routing\Router->dispatch(Object(Illuminate\Http\Request))
#18 [internal function]: Illuminate\Foundation\Http\Kernel->Illuminate\Foundation\Http\{closure}(Object(Illuminate\Http\Request))
#19 /Users/romerogomes/NetBeansProjects/sga/vendor/laravel/framework/src/Illuminate/Routing/Pipeline.php(52): call_user_func(Object(Closure), Object(Illuminate\Http\Request))
#20 /Users/romerogomes/NetBeansProjects/sga/bootstrap/cache/compiled.php(3250): Illuminate\Routing\Pipeline->Illuminate\Routing\{closure}(Object(Illuminate\Http\Request))
#21 [internal function]: Illuminate\Foundation\Http\Middleware\CheckForMaintenanceMode->handle(Object(Illuminate\Http\Request), Object(Closure))
#22 /Users/romerogomes/NetBeansProjects/sga/bootstrap/cache/compiled.php(9895): call_user_func_array(Array, Array)
#23 [internal function]: Illuminate\Pipeline\Pipeline->Illuminate\Pipeline\{closure}(Object(Illuminate\Http\Request))
#24 /Users/romerogomes/NetBeansProjects/sga/vendor/laravel/framework/src/Illuminate/Routing/Pipeline.php(32): call_user_func(Object(Closure), Object(Illuminate\Http\Request))
#25 [internal function]: Illuminate\Routing\Pipeline->Illuminate\Routing\{closure}(Object(Illuminate\Http\Request))
#26 /Users/romerogomes/NetBeansProjects/sga/bootstrap/cache/compiled.php(9880): call_user_func(Object(Closure), Object(Illuminate\Http\Request))
#27 /Users/romerogomes/NetBeansProjects/sga/bootstrap/cache/compiled.php(2347): Illuminate\Pipeline\Pipeline->then(Object(Closure))
#28 /Users/romerogomes/NetBeansProjects/sga/bootstrap/cache/compiled.php(2331): Illuminate\Foundation\Http\Kernel->sendRequestThroughRouter(Object(Illuminate\Http\Request))
#29 /Users/romerogomes/NetBeansProjects/sga/public/index.php(54): Illuminate\Foundation\Http\Kernel->handle(Object(Illuminate\Http\Request))
#30 /Users/romerogomes/NetBeansProjects/sga/server.php(21): require_once('/Users/romerogo...')
#31 {main}  
[2016-05-15 14:15:49] production.ERROR: exception 'RuntimeException' with message 'No supported encrypter found. The cipher and / or key length are invalid.' in /Users/romerogomes/NetBeansProjects/sga/bootstrap/cache/compiled.php:7706
Stack trace:
#0 /Users/romerogomes/NetBeansProjects/sga/bootstrap/cache/compiled.php(7696): Illuminate\Encryption\EncryptionServiceProvider->getEncrypterForKeyAndCipher(NULL, 'AES-256-CBC')
#1 /Users/romerogomes/NetBeansProjects/sga/bootstrap/cache/compiled.php(1339): Illuminate\Encryption\EncryptionServiceProvider->Illuminate\Encryption\{closure}(Object(Illuminate\Foundation\Application), Array)
#2 /Users/romerogomes/NetBeansProjects/sga/bootstrap/cache/compiled.php(1295): Illuminate\Container\Container->build(Object(Closure), Array)
#3 /Users/romerogomes/NetBeansProjects/sga/bootstrap/cache/compiled.php(1857): Illuminate\Container\Container->make('encrypter', Array)
#4 /Users/romerogomes/NetBeansProjects/sga/bootstrap/cache/compiled.php(1396): Illuminate\Foundation\Application->make('Illuminate\\Cont...')
#5 /Users/romerogomes/NetBeansProjects/sga/bootstrap/cache/compiled.php(1373): Illuminate\Container\Container->resolveClass(Object(ReflectionParameter))
#6 /Users/romerogomes/NetBeansProjects/sga/bootstrap/cache/compiled.php(1359): Illuminate\Container\Container->getDependencies(Array, Array)
#7 /Users/romerogomes/NetBeansProjects/sga/bootstrap/cache/compiled.php(1295): Illuminate\Container\Container->build('App\\Http\\Middle...', Array)
#8 /Users/romerogomes/NetBeansProjects/sga/bootstrap/cache/compiled.php(1857): Illuminate\Container\Container->make('App\\Http\\Middle...', Array)
#9 /Users/romerogomes/NetBeansProjects/sga/bootstrap/cache/compiled.php(2354): Illuminate\Foundation\Application->make('App\\Http\\Middle...')
#10 /Users/romerogomes/NetBeansProjects/sga/public/index.php(58): Illuminate\Foundation\Http\Kernel->terminate(Object(Illuminate\Http\Request), Object(Illuminate\Http\Response))
#11 /Users/romerogomes/NetBeansProjects/sga/server.php(21): require_once('/Users/romerogo...')
#12 {main}  
[2016-05-15 14:15:50] production.ERROR: exception 'RuntimeException' with message 'No supported encrypter found. The cipher and / or key length are invalid.' in /Users/romerogomes/NetBeansProjects/sga/bootstrap/cache/compiled.php:7706
Stack trace:
#0 /Users/romerogomes/NetBeansProjects/sga/bootstrap/cache/compiled.php(7696): Illuminate\Encryption\EncryptionServiceProvider->getEncrypterForKeyAndCipher(NULL, 'AES-256-CBC')
#1 /Users/romerogomes/NetBeansProjects/sga/bootstrap/cache/compiled.php(1339): Illuminate\Encryption\EncryptionServiceProvider->Illuminate\Encryption\{closure}(Object(Illuminate\Foundation\Application), Array)
#2 /Users/romerogomes/NetBeansProjects/sga/bootstrap/cache/compiled.php(1295): Illuminate\Container\Container->build(Object(Closure), Array)
#3 /Users/romerogomes/NetBeansProjects/sga/bootstrap/cache/compiled.php(1857): Illuminate\Container\Container->make('encrypter', Array)
#4 /Users/romerogomes/NetBeansProjects/sga/bootstrap/cache/compiled.php(1396): Illuminate\Foundation\Application->make('Illuminate\\Cont...')
#5 /Users/romerogomes/NetBeansProjects/sga/bootstrap/cache/compiled.php(1373): Illuminate\Container\Container->resolveClass(Object(ReflectionParameter))
#6 /Users/romerogomes/NetBeansProjects/sga/bootstrap/cache/compiled.php(1359): Illuminate\Container\Container->getDependencies(Array, Array)
#7 /Users/romerogomes/NetBeansProjects/sga/bootstrap/cache/compiled.php(1295): Illuminate\Container\Container->build('App\\Http\\Middle...', Array)
#8 /Users/romerogomes/NetBeansProjects/sga/bootstrap/cache/compiled.php(1857): Illuminate\Container\Container->make('App\\Http\\Middle...', Array)
#9 /Users/romerogomes/NetBeansProjects/sga/bootstrap/cache/compiled.php(9890): Illuminate\Foundation\Application->make('App\\Http\\Middle...')
#10 [internal function]: Illuminate\Pipeline\Pipeline->Illuminate\Pipeline\{closure}(Object(Illuminate\Http\Request))
#11 /Users/romerogomes/NetBeansProjects/sga/vendor/laravel/framework/src/Illuminate/Routing/Pipeline.php(32): call_user_func(Object(Closure), Object(Illuminate\Http\Request))
#12 [internal function]: Illuminate\Routing\Pipeline->Illuminate\Routing\{closure}(Object(Illuminate\Http\Request))
#13 /Users/romerogomes/NetBeansProjects/sga/bootstrap/cache/compiled.php(9880): call_user_func(Object(Closure), Object(Illuminate\Http\Request))
#14 /Users/romerogomes/NetBeansProjects/sga/bootstrap/cache/compiled.php(8161): Illuminate\Pipeline\Pipeline->then(Object(Closure))
#15 /Users/romerogomes/NetBeansProjects/sga/bootstrap/cache/compiled.php(8152): Illuminate\Routing\Router->runRouteWithinStack(Object(Illuminate\Routing\Route), Object(Illuminate\Http\Request))
#16 /Users/romerogomes/NetBeansProjects/sga/bootstrap/cache/compiled.php(8142): Illuminate\Routing\Router->dispatchToRoute(Object(Illuminate\Http\Request))
#17 /Users/romerogomes/NetBeansProjects/sga/bootstrap/cache/compiled.php(2400): Illuminate\Routing\Router->dispatch(Object(Illuminate\Http\Request))
#18 [internal function]: Illuminate\Foundation\Http\Kernel->Illuminate\Foundation\Http\{closure}(Object(Illuminate\Http\Request))
#19 /Users/romerogomes/NetBeansProjects/sga/vendor/laravel/framework/src/Illuminate/Routing/Pipeline.php(52): call_user_func(Object(Closure), Object(Illuminate\Http\Request))
#20 /Users/romerogomes/NetBeansProjects/sga/bootstrap/cache/compiled.php(3250): Illuminate\Routing\Pipeline->Illuminate\Routing\{closure}(Object(Illuminate\Http\Request))
#21 [internal function]: Illuminate\Foundation\Http\Middleware\CheckForMaintenanceMode->handle(Object(Illuminate\Http\Request), Object(Closure))
#22 /Users/romerogomes/NetBeansProjects/sga/bootstrap/cache/compiled.php(9895): call_user_func_array(Array, Array)
#23 [internal function]: Illuminate\Pipeline\Pipeline->Illuminate\Pipeline\{closure}(Object(Illuminate\Http\Request))
#24 /Users/romerogomes/NetBeansProjects/sga/vendor/laravel/framework/src/Illuminate/Routing/Pipeline.php(32): call_user_func(Object(Closure), Object(Illuminate\Http\Request))
#25 [internal function]: Illuminate\Routing\Pipeline->Illuminate\Routing\{closure}(Object(Illuminate\Http\Request))
#26 /Users/romerogomes/NetBeansProjects/sga/bootstrap/cache/compiled.php(9880): call_user_func(Object(Closure), Object(Illuminate\Http\Request))
#27 /Users/romerogomes/NetBeansProjects/sga/bootstrap/cache/compiled.php(2347): Illuminate\Pipeline\Pipeline->then(Object(Closure))
#28 /Users/romerogomes/NetBeansProjects/sga/bootstrap/cache/compiled.php(2331): Illuminate\Foundation\Http\Kernel->sendRequestThroughRouter(Object(Illuminate\Http\Request))
#29 /Users/romerogomes/NetBeansProjects/sga/public/index.php(54): Illuminate\Foundation\Http\Kernel->handle(Object(Illuminate\Http\Request))
#30 /Users/romerogomes/NetBeansProjects/sga/server.php(21): require_once('/Users/romerogo...')
#31 {main}  
[2016-05-15 14:15:50] production.ERROR: exception 'RuntimeException' with message 'No supported encrypter found. The cipher and / or key length are invalid.' in /Users/romerogomes/NetBeansProjects/sga/bootstrap/cache/compiled.php:7706
Stack trace:
#0 /Users/romerogomes/NetBeansProjects/sga/bootstrap/cache/compiled.php(7696): Illuminate\Encryption\EncryptionServiceProvider->getEncrypterForKeyAndCipher(NULL, 'AES-256-CBC')
#1 /Users/romerogomes/NetBeansProjects/sga/bootstrap/cache/compiled.php(1339): Illuminate\Encryption\EncryptionServiceProvider->Illuminate\Encryption\{closure}(Object(Illuminate\Foundation\Application), Array)
#2 /Users/romerogomes/NetBeansProjects/sga/bootstrap/cache/compiled.php(1295): Illuminate\Container\Container->build(Object(Closure), Array)
#3 /Users/romerogomes/NetBeansProjects/sga/bootstrap/cache/compiled.php(1857): Illuminate\Container\Container->make('encrypter', Array)
#4 /Users/romerogomes/NetBeansProjects/sga/bootstrap/cache/compiled.php(1396): Illuminate\Foundation\Application->make('Illuminate\\Cont...')
#5 /Users/romerogomes/NetBeansProjects/sga/bootstrap/cache/compiled.php(1373): Illuminate\Container\Container->resolveClass(Object(ReflectionParameter))
#6 /Users/romerogomes/NetBeansProjects/sga/bootstrap/cache/compiled.php(1359): Illuminate\Container\Container->getDependencies(Array, Array)
#7 /Users/romerogomes/NetBeansProjects/sga/bootstrap/cache/compiled.php(1295): Illuminate\Container\Container->build('App\\Http\\Middle...', Array)
#8 /Users/romerogomes/NetBeansProjects/sga/bootstrap/cache/compiled.php(1857): Illuminate\Container\Container->make('App\\Http\\Middle...', Array)
#9 /Users/romerogomes/NetBeansProjects/sga/bootstrap/cache/compiled.php(2354): Illuminate\Foundation\Application->make('App\\Http\\Middle...')
#10 /Users/romerogomes/NetBeansProjects/sga/public/index.php(58): Illuminate\Foundation\Http\Kernel->terminate(Object(Illuminate\Http\Request), Object(Illuminate\Http\Response))
#11 /Users/romerogomes/NetBeansProjects/sga/server.php(21): require_once('/Users/romerogo...')
#12 {main}  
[2016-05-15 14:15:50] production.ERROR: exception 'RuntimeException' with message 'No supported encrypter found. The cipher and / or key length are invalid.' in /Users/romerogomes/NetBeansProjects/sga/bootstrap/cache/compiled.php:7706
Stack trace:
#0 /Users/romerogomes/NetBeansProjects/sga/bootstrap/cache/compiled.php(7696): Illuminate\Encryption\EncryptionServiceProvider->getEncrypterForKeyAndCipher(NULL, 'AES-256-CBC')
#1 /Users/romerogomes/NetBeansProjects/sga/bootstrap/cache/compiled.php(1339): Illuminate\Encryption\EncryptionServiceProvider->Illuminate\Encryption\{closure}(Object(Illuminate\Foundation\Application), Array)
#2 /Users/romerogomes/NetBeansProjects/sga/bootstrap/cache/compiled.php(1295): Illuminate\Container\Container->build(Object(Closure), Array)
#3 /Users/romerogomes/NetBeansProjects/sga/bootstrap/cache/compiled.php(1857): Illuminate\Container\Container->make('encrypter', Array)
#4 /Users/romerogomes/NetBeansProjects/sga/bootstrap/cache/compiled.php(1396): Illuminate\Foundation\Application->make('Illuminate\\Cont...')
#5 /Users/romerogomes/NetBeansProjects/sga/bootstrap/cache/compiled.php(1373): Illuminate\Container\Container->resolveClass(Object(ReflectionParameter))
#6 /Users/romerogomes/NetBeansProjects/sga/bootstrap/cache/compiled.php(1359): Illuminate\Container\Container->getDependencies(Array, Array)
#7 /Users/romerogomes/NetBeansProjects/sga/bootstrap/cache/compiled.php(1295): Illuminate\Container\Container->build('App\\Http\\Middle...', Array)
#8 /Users/romerogomes/NetBeansProjects/sga/bootstrap/cache/compiled.php(1857): Illuminate\Container\Container->make('App\\Http\\Middle...', Array)
#9 /Users/romerogomes/NetBeansProjects/sga/bootstrap/cache/compiled.php(9890): Illuminate\Foundation\Application->make('App\\Http\\Middle...')
#10 [internal function]: Illuminate\Pipeline\Pipeline->Illuminate\Pipeline\{closure}(Object(Illuminate\Http\Request))
#11 /Users/romerogomes/NetBeansProjects/sga/vendor/laravel/framework/src/Illuminate/Routing/Pipeline.php(32): call_user_func(Object(Closure), Object(Illuminate\Http\Request))
#12 [internal function]: Illuminate\Routing\Pipeline->Illuminate\Routing\{closure}(Object(Illuminate\Http\Request))
#13 /Users/romerogomes/NetBeansProjects/sga/bootstrap/cache/compiled.php(9880): call_user_func(Object(Closure), Object(Illuminate\Http\Request))
#14 /Users/romerogomes/NetBeansProjects/sga/bootstrap/cache/compiled.php(8161): Illuminate\Pipeline\Pipeline->then(Object(Closure))
#15 /Users/romerogomes/NetBeansProjects/sga/bootstrap/cache/compiled.php(8152): Illuminate\Routing\Router->runRouteWithinStack(Object(Illuminate\Routing\Route), Object(Illuminate\Http\Request))
#16 /Users/romerogomes/NetBeansProjects/sga/bootstrap/cache/compiled.php(8142): Illuminate\Routing\Router->dispatchToRoute(Object(Illuminate\Http\Request))
#17 /Users/romerogomes/NetBeansProjects/sga/bootstrap/cache/compiled.php(2400): Illuminate\Routing\Router->dispatch(Object(Illuminate\Http\Request))
#18 [internal function]: Illuminate\Foundation\Http\Kernel->Illuminate\Foundation\Http\{closure}(Object(Illuminate\Http\Request))
#19 /Users/romerogomes/NetBeansProjects/sga/vendor/laravel/framework/src/Illuminate/Routing/Pipeline.php(52): call_user_func(Object(Closure), Object(Illuminate\Http\Request))
#20 /Users/romerogomes/NetBeansProjects/sga/bootstrap/cache/compiled.php(3250): Illuminate\Routing\Pipeline->Illuminate\Routing\{closure}(Object(Illuminate\Http\Request))
#21 [internal function]: Illuminate\Foundation\Http\Middleware\CheckForMaintenanceMode->handle(Object(Illuminate\Http\Request), Object(Closure))
#22 /Users/romerogomes/NetBeansProjects/sga/bootstrap/cache/compiled.php(9895): call_user_func_array(Array, Array)
#23 [internal function]: Illuminate\Pipeline\Pipeline->Illuminate\Pipeline\{closure}(Object(Illuminate\Http\Request))
#24 /Users/romerogomes/NetBeansProjects/sga/vendor/laravel/framework/src/Illuminate/Routing/Pipeline.php(32): call_user_func(Object(Closure), Object(Illuminate\Http\Request))
#25 [internal function]: Illuminate\Routing\Pipeline->Illuminate\Routing\{closure}(Object(Illuminate\Http\Request))
#26 /Users/romerogomes/NetBeansProjects/sga/bootstrap/cache/compiled.php(9880): call_user_func(Object(Closure), Object(Illuminate\Http\Request))
#27 /Users/romerogomes/NetBeansProjects/sga/bootstrap/cache/compiled.php(2347): Illuminate\Pipeline\Pipeline->then(Object(Closure))
#28 /Users/romerogomes/NetBeansProjects/sga/bootstrap/cache/compiled.php(2331): Illuminate\Foundation\Http\Kernel->sendRequestThroughRouter(Object(Illuminate\Http\Request))
#29 /Users/romerogomes/NetBeansProjects/sga/public/index.php(54): Illuminate\Foundation\Http\Kernel->handle(Object(Illuminate\Http\Request))
#30 /Users/romerogomes/NetBeansProjects/sga/server.php(21): require_once('/Users/romerogo...')
#31 {main}  
[2016-05-15 14:15:50] production.ERROR: exception 'RuntimeException' with message 'No supported encrypter found. The cipher and / or key length are invalid.' in /Users/romerogomes/NetBeansProjects/sga/bootstrap/cache/compiled.php:7706
Stack trace:
#0 /Users/romerogomes/NetBeansProjects/sga/bootstrap/cache/compiled.php(7696): Illuminate\Encryption\EncryptionServiceProvider->getEncrypterForKeyAndCipher(NULL, 'AES-256-CBC')
#1 /Users/romerogomes/NetBeansProjects/sga/bootstrap/cache/compiled.php(1339): Illuminate\Encryption\EncryptionServiceProvider->Illuminate\Encryption\{closure}(Object(Illuminate\Foundation\Application), Array)
#2 /Users/romerogomes/NetBeansProjects/sga/bootstrap/cache/compiled.php(1295): Illuminate\Container\Container->build(Object(Closure), Array)
#3 /Users/romerogomes/NetBeansProjects/sga/bootstrap/cache/compiled.php(1857): Illuminate\Container\Container->make('encrypter', Array)
#4 /Users/romerogomes/NetBeansProjects/sga/bootstrap/cache/compiled.php(1396): Illuminate\Foundation\Application->make('Illuminate\\Cont...')
#5 /Users/romerogomes/NetBeansProjects/sga/bootstrap/cache/compiled.php(1373): Illuminate\Container\Container->resolveClass(Object(ReflectionParameter))
#6 /Users/romerogomes/NetBeansProjects/sga/bootstrap/cache/compiled.php(1359): Illuminate\Container\Container->getDependencies(Array, Array)
#7 /Users/romerogomes/NetBeansProjects/sga/bootstrap/cache/compiled.php(1295): Illuminate\Container\Container->build('App\\Http\\Middle...', Array)
#8 /Users/romerogomes/NetBeansProjects/sga/bootstrap/cache/compiled.php(1857): Illuminate\Container\Container->make('App\\Http\\Middle...', Array)
#9 /Users/romerogomes/NetBeansProjects/sga/bootstrap/cache/compiled.php(2354): Illuminate\Foundation\Application->make('App\\Http\\Middle...')
#10 /Users/romerogomes/NetBeansProjects/sga/public/index.php(58): Illuminate\Foundation\Http\Kernel->terminate(Object(Illuminate\Http\Request), Object(Illuminate\Http\Response))
#11 /Users/romerogomes/NetBeansProjects/sga/server.php(21): require_once('/Users/romerogo...')
#12 {main}  
[2016-05-15 14:19:00] local.ERROR: exception 'ErrorException' with message 'file_put_contents(/Users/romerogomes/NetBeansProjects/sga/storage/framework/sessions/3fb364d876b6e72ddb968ddaffe443ea4d905ff7): failed to open stream: No such file or directory' in /Users/romerogomes/NetBeansProjects/sga/bootstrap/cache/compiled.php:7310
Stack trace:
#0 [internal function]: Illuminate\Foundation\Bootstrap\HandleExceptions->handleError(2, 'file_put_conten...', '/Users/romerogo...', 7310, Array)
#1 /Users/romerogomes/NetBeansProjects/sga/bootstrap/cache/compiled.php(7310): file_put_contents('/Users/romerogo...', 'a:5:{s:6:"_toke...', 2)
#2 /Users/romerogomes/NetBeansProjects/sga/vendor/laravel/framework/src/Illuminate/Session/FileSessionHandler.php(71): Illuminate\Filesystem\Filesystem->put('/Users/romerogo...', 'a:5:{s:6:"_toke...', true)
#3 /Users/romerogomes/NetBeansProjects/sga/bootstrap/cache/compiled.php(12070): Illuminate\Session\FileSessionHandler->write('3fb364d876b6e72...', 'a:5:{s:6:"_toke...')
#4 /Users/romerogomes/NetBeansProjects/sga/bootstrap/cache/compiled.php(11891): Illuminate\Session\Store->save()
#5 /Users/romerogomes/NetBeansProjects/sga/bootstrap/cache/compiled.php(2356): Illuminate\Session\Middleware\StartSession->terminate(Object(Illuminate\Http\Request), Object(Illuminate\Http\RedirectResponse))
#6 /Users/romerogomes/NetBeansProjects/sga/public/index.php(58): Illuminate\Foundation\Http\Kernel->terminate(Object(Illuminate\Http\Request), Object(Illuminate\Http\RedirectResponse))
#7 /Users/romerogomes/NetBeansProjects/sga/server.php(21): require_once('/Users/romerogo...')
#8 {main}  
[2016-05-15 14:19:00] local.ERROR: exception 'ErrorException' with message 'file_put_contents(/ef20be7f429efde617cc1a5108a51ca545e0c520.php): failed to open stream: Permission denied' in /Users/romerogomes/NetBeansProjects/sga/bootstrap/cache/compiled.php:7310
Stack trace:
#0 [internal function]: Illuminate\Foundation\Bootstrap\HandleExceptions->handleError(2, 'file_put_conten...', '/Users/romerogo...', 7310, Array)
#1 /Users/romerogomes/NetBeansProjects/sga/bootstrap/cache/compiled.php(7310): file_put_contents('/ef20be7f429efd...', '<?php $__env->s...', 0)
#2 /Users/romerogomes/NetBeansProjects/sga/bootstrap/cache/compiled.php(15249): Illuminate\Filesystem\Filesystem->put('/ef20be7f429efd...', '<?php $__env->s...')
#3 /Users/romerogomes/NetBeansProjects/sga/bootstrap/cache/compiled.php(15166): Illuminate\View\Compilers\BladeCompiler->compile('/Users/romerogo...')
#4 /Users/romerogomes/NetBeansProjects/sga/bootstrap/cache/compiled.php(15001): Illuminate\View\Engines\CompilerEngine->get('/Users/romerogo...', Array)
#5 /Users/romerogomes/NetBeansProjects/sga/bootstrap/cache/compiled.php(14989): Illuminate\View\View->getContents()
#6 /Users/romerogomes/NetBeansProjects/sga/bootstrap/cache/compiled.php(14973): Illuminate\View\View->renderContents()
#7 /Users/romerogomes/NetBeansProjects/sga/bootstrap/cache/compiled.php(16210): Illuminate\View\View->render()
#8 /Users/romerogomes/NetBeansProjects/sga/bootstrap/cache/compiled.php(15711): Illuminate\Http\Response->setContent(Object(Illuminate\View\View))
#9 /Users/romerogomes/NetBeansProjects/sga/bootstrap/cache/compiled.php(8308): Symfony\Component\HttpFoundation\Response->__construct(Object(Illuminate\View\View))
#10 /Users/romerogomes/NetBeansProjects/sga/bootstrap/cache/compiled.php(9403): Illuminate\Routing\Router->prepareResponse(Object(Illuminate\Http\Request), Object(Illuminate\View\View))
#11 [internal function]: Illuminate\Routing\ControllerDispatcher->Illuminate\Routing\{closure}(Object(Illuminate\Http\Request))
#12 /Users/romerogomes/NetBeansProjects/sga/vendor/laravel/framework/src/Illuminate/Routing/Pipeline.php(52): call_user_func(Object(Closure), Object(Illuminate\Http\Request))
#13 [internal function]: Illuminate\Routing\Pipeline->Illuminate\Routing\{closure}(Object(Illuminate\Http\Request))
#14 /Users/romerogomes/NetBeansProjects/sga/bootstrap/cache/compiled.php(9880): call_user_func(Object(Closure), Object(Illuminate\Http\Request))
#15 /Users/romerogomes/NetBeansProjects/sga/bootstrap/cache/compiled.php(9404): Illuminate\Pipeline\Pipeline->then(Object(Closure))
#16 /Users/romerogomes/NetBeansProjects/sga/bootstrap/cache/compiled.php(9391): Illuminate\Routing\ControllerDispatcher->callWithinStack(Object(App\Http\Controllers\Auth\AuthController), Object(Illuminate\Routing\Route), Object(Illuminate\Http\Request), 'showLoginForm')
#17 /Users/romerogomes/NetBeansProjects/sga/bootstrap/cache/compiled.php(8459): Illuminate\Routing\ControllerDispatcher->dispatch(Object(Illuminate\Routing\Route), Object(Illuminate\Http\Request), 'App\\Http\\Contro...', 'showLoginForm')
#18 /Users/romerogomes/NetBeansProjects/sga/bootstrap/cache/compiled.php(8446): Illuminate\Routing\Route->runController(Object(Illuminate\Http\Request))
#19 /Users/romerogomes/NetBeansProjects/sga/bootstrap/cache/compiled.php(8160): Illuminate\Routing\Route->run(Object(Illuminate\Http\Request))
#20 [internal function]: Illuminate\Routing\Router->Illuminate\Routing\{closure}(Object(Illuminate\Http\Request))
#21 /Users/romerogomes/NetBeansProjects/sga/vendor/laravel/framework/src/Illuminate/Routing/Pipeline.php(52): call_user_func(Object(Closure), Object(Illuminate\Http\Request))
#22 /Users/romerogomes/NetBeansProjects/sga/bootstrap/cache/compiled.php(3189): Illuminate\Routing\Pipeline->Illuminate\Routing\{closure}(Object(Illuminate\Http\Request))
#23 [internal function]: Illuminate\Foundation\Http\Middleware\VerifyCsrfToken->handle(Object(Illuminate\Http\Request), Object(Closure))
#24 /Users/romerogomes/NetBeansProjects/sga/bootstrap/cache/compiled.php(9895): call_user_func_array(Array, Array)
#25 [internal function]: Illuminate\Pipeline\Pipeline->Illuminate\Pipeline\{closure}(Object(Illuminate\Http\Request))
#26 /Users/romerogomes/NetBeansProjects/sga/vendor/laravel/framework/src/Illuminate/Routing/Pipeline.php(32): call_user_func(Object(Closure), Object(Illuminate\Http\Request))
#27 /Users/romerogomes/NetBeansProjects/sga/bootstrap/cache/compiled.php(13334): Illuminate\Routing\Pipeline->Illuminate\Routing\{closure}(Object(Illuminate\Http\Request))
#28 [internal function]: Illuminate\View\Middleware\ShareErrorsFromSession->handle(Object(Illuminate\Http\Request), Object(Closure))
#29 /Users/romerogomes/NetBeansProjects/sga/bootstrap/cache/compiled.php(9895): call_user_func_array(Array, Array)
#30 [internal function]: Illuminate\Pipeline\Pipeline->Illuminate\Pipeline\{closure}(Object(Illuminate\Http\Request))
#31 /Users/romerogomes/NetBeansProjects/sga/vendor/laravel/framework/src/Illuminate/Routing/Pipeline.php(32): call_user_func(Object(Closure), Object(Illuminate\Http\Request))
#32 /Users/romerogomes/NetBeansProjects/sga/bootstrap/cache/compiled.php(11880): Illuminate\Routing\Pipeline->Illuminate\Routing\{closure}(Object(Illuminate\Http\Request))
#33 [internal function]: Illuminate\Session\Middleware\StartSession->handle(Object(Illuminate\Http\Request), Object(Closure))
#34 /Users/romerogomes/NetBeansProjects/sga/bootstrap/cache/compiled.php(9895): call_user_func_array(Array, Array)
#35 [internal function]: Illuminate\Pipeline\Pipeline->Illuminate\Pipeline\{closure}(Object(Illuminate\Http\Request))
#36 /Users/romerogomes/NetBeansProjects/sga/vendor/laravel/framework/src/Illuminate/Routing/Pipeline.php(32): call_user_func(Object(Closure), Object(Illuminate\Http\Request))
#37 /Users/romerogomes/NetBeansProjects/sga/bootstrap/cache/compiled.php(13073): Illuminate\Routing\Pipeline->Illuminate\Routing\{closure}(Object(Illuminate\Http\Request))
#38 [internal function]: Illuminate\Cookie\Middleware\AddQueuedCookiesToResponse->handle(Object(Illuminate\Http\Request), Object(Closure))
#39 /Users/romerogomes/NetBeansProjects/sga/bootstrap/cache/compiled.php(9895): call_user_func_array(Array, Array)
#40 [internal function]: Illuminate\Pipeline\Pipeline->Illuminate\Pipeline\{closure}(Object(Illuminate\Http\Request))
#41 /Users/romerogomes/NetBeansProjects/sga/vendor/laravel/framework/src/Illuminate/Routing/Pipeline.php(32): call_user_func(Object(Closure), Object(Illuminate\Http\Request))
#42 /Users/romerogomes/NetBeansProjects/sga/bootstrap/cache/compiled.php(13010): Illuminate\Routing\Pipeline->Illuminate\Routing\{closure}(Object(Illuminate\Http\Request))
#43 [internal function]: Illuminate\Cookie\Middleware\EncryptCookies->handle(Object(Illuminate\Http\Request), Object(Closure))
#44 /Users/romerogomes/NetBeansProjects/sga/bootstrap/cache/compiled.php(9895): call_user_func_array(Array, Array)
#45 [internal function]: Illuminate\Pipeline\Pipeline->Illuminate\Pipeline\{closure}(Object(Illuminate\Http\Request))
#46 /Users/romerogomes/NetBeansProjects/sga/vendor/laravel/framework/src/Illuminate/Routing/Pipeline.php(32): call_user_func(Object(Closure), Object(Illuminate\Http\Request))
#47 [internal function]: Illuminate\Routing\Pipeline->Illuminate\Routing\{closure}(Object(Illuminate\Http\Request))
#48 /Users/romerogomes/NetBeansProjects/sga/bootstrap/cache/compiled.php(9880): call_user_func(Object(Closure), Object(Illuminate\Http\Request))
#49 /Users/romerogomes/NetBeansProjects/sga/bootstrap/cache/compiled.php(8161): Illuminate\Pipeline\Pipeline->then(Object(Closure))
#50 /Users/romerogomes/NetBeansProjects/sga/bootstrap/cache/compiled.php(8152): Illuminate\Routing\Router->runRouteWithinStack(Object(Illuminate\Routing\Route), Object(Illuminate\Http\Request))
#51 /Users/romerogomes/NetBeansProjects/sga/bootstrap/cache/compiled.php(8142): Illuminate\Routing\Router->dispatchToRoute(Object(Illuminate\Http\Request))
#52 /Users/romerogomes/NetBeansProjects/sga/bootstrap/cache/compiled.php(2400): Illuminate\Routing\Router->dispatch(Object(Illuminate\Http\Request))
#53 [internal function]: Illuminate\Foundation\Http\Kernel->Illuminate\Foundation\Http\{closure}(Object(Illuminate\Http\Request))
#54 /Users/romerogomes/NetBeansProjects/sga/vendor/laravel/framework/src/Illuminate/Routing/Pipeline.php(52): call_user_func(Object(Closure), Object(Illuminate\Http\Request))
#55 /Users/romerogomes/NetBeansProjects/sga/bootstrap/cache/compiled.php(3250): Illuminate\Routing\Pipeline->Illuminate\Routing\{closure}(Object(Illuminate\Http\Request))
#56 [internal function]: Illuminate\Foundation\Http\Middleware\CheckForMaintenanceMode->handle(Object(Illuminate\Http\Request), Object(Closure))
#57 /Users/romerogomes/NetBeansProjects/sga/bootstrap/cache/compiled.php(9895): call_user_func_array(Array, Array)
#58 [internal function]: Illuminate\Pipeline\Pipeline->Illuminate\Pipeline\{closure}(Object(Illuminate\Http\Request))
#59 /Users/romerogomes/NetBeansProjects/sga/vendor/laravel/framework/src/Illuminate/Routing/Pipeline.php(32): call_user_func(Object(Closure), Object(Illuminate\Http\Request))
#60 [internal function]: Illuminate\Routing\Pipeline->Illuminate\Routing\{closure}(Object(Illuminate\Http\Request))
#61 /Users/romerogomes/NetBeansProjects/sga/bootstrap/cache/compiled.php(9880): call_user_func(Object(Closure), Object(Illuminate\Http\Request))
#62 /Users/romerogomes/NetBeansProjects/sga/bootstrap/cache/compiled.php(2347): Illuminate\Pipeline\Pipeline->then(Object(Closure))
#63 /Users/romerogomes/NetBeansProjects/sga/bootstrap/cache/compiled.php(2331): Illuminate\Foundation\Http\Kernel->sendRequestThroughRouter(Object(Illuminate\Http\Request))
#64 /Users/romerogomes/NetBeansProjects/sga/public/index.php(54): Illuminate\Foundation\Http\Kernel->handle(Object(Illuminate\Http\Request))
#65 /Users/romerogomes/NetBeansProjects/sga/server.php(21): require_once('/Users/romerogo...')
#66 {main}  
[2016-05-15 14:19:00] local.ERROR: exception 'ErrorException' with message 'file_put_contents(/Users/romerogomes/NetBeansProjects/sga/storage/framework/sessions/3fb364d876b6e72ddb968ddaffe443ea4d905ff7): failed to open stream: No such file or directory' in /Users/romerogomes/NetBeansProjects/sga/bootstrap/cache/compiled.php:7310
Stack trace:
#0 [internal function]: Illuminate\Foundation\Bootstrap\HandleExceptions->handleError(2, 'file_put_conten...', '/Users/romerogo...', 7310, Array)
#1 /Users/romerogomes/NetBeansProjects/sga/bootstrap/cache/compiled.php(7310): file_put_contents('/Users/romerogo...', 'a:4:{s:6:"_toke...', 2)
#2 /Users/romerogomes/NetBeansProjects/sga/vendor/laravel/framework/src/Illuminate/Session/FileSessionHandler.php(71): Illuminate\Filesystem\Filesystem->put('/Users/romerogo...', 'a:4:{s:6:"_toke...', true)
#3 /Users/romerogomes/NetBeansProjects/sga/bootstrap/cache/compiled.php(12070): Illuminate\Session\FileSessionHandler->write('3fb364d876b6e72...', 'a:4:{s:6:"_toke...')
#4 /Users/romerogomes/NetBeansProjects/sga/bootstrap/cache/compiled.php(11891): Illuminate\Session\Store->save()
#5 /Users/romerogomes/NetBeansProjects/sga/bootstrap/cache/compiled.php(2356): Illuminate\Session\Middleware\StartSession->terminate(Object(Illuminate\Http\Request), Object(Illuminate\Http\Response))
#6 /Users/romerogomes/NetBeansProjects/sga/public/index.php(58): Illuminate\Foundation\Http\Kernel->terminate(Object(Illuminate\Http\Request), Object(Illuminate\Http\Response))
#7 /Users/romerogomes/NetBeansProjects/sga/server.php(21): require_once('/Users/romerogo...')
#8 {main}  
